<?xml version="1.0" encoding="UTF-8"?>
<!-- Generated by org.testng.reporters.JUnitReportReporter -->
<testsuite hostname="TL1103" failures="0" tests="2" name="testcases.TC_001CreateLead" time="24.859" errors="0" timestamp="2024-10-21T12:40:55 IST" skipped="0">
  <testcase classname="testcases.TC_001CreateLead" name="runCreateLead" time="12.021"/>
  <system-out/>
  <testcase classname="testcases.TC_001CreateLead" name="runCreateLead" time="12.838"/>
  <system-out/>
</testsuite> <!-- testcases.TC_001CreateLead -->
