<?xml version="1.0" encoding="UTF-8"?>
<!-- Generated by org.testng.reporters.JUnitReportReporter -->
<testsuite hostname="TL1103" failures="0" tests="4" name="testcases.LoginRunner" time="38.821" errors="0" timestamp="2024-10-17T11:15:29 IST" skipped="0">
  <testcase classname="testcases.LoginRunner" name="runScenario" time="5.775"/>
  <system-out/>
  <testcase classname="testcases.LoginRunner" name="runScenario" time="13.285"/>
  <system-out/>
  <testcase classname="testcases.LoginRunner" name="runScenario" time="13.713"/>
  <system-out/>
  <testcase classname="testcases.LoginRunner" name="runScenario" time="6.048"/>
  <system-out/>
</testsuite> <!-- testcases.LoginRunner -->
